<?xml version="1.0" encoding="UTF-8"?>
<!-- Generated by org.testng.reporters.JUnitReportReporter -->
<testsuite hostname="hp-PC" name="DataPRO" tests="2" failures="0" timestamp="17 Sep 2019 10:22:52 GMT" time="0.030" errors="0">
  <testcase name="f" time="0.015" classname="DataPRO"/>
  <testcase name="f" time="0.015" classname="DataPRO"/>
</testsuite> <!-- DataPRO -->
