<?xml version="1.0" encoding="UTF-8"?>
<!-- Generated by org.testng.reporters.JUnitReportReporter -->
<testsuite hostname="hp-PC" name="LoginConnTest.ConnTest" tests="1" failures="0" timestamp="18 Sep 2019 08:25:46 GMT" time="2.318" errors="0">
  <testcase name="testDrive" time="2.318" classname="LoginConnTest.ConnTest"/>
</testsuite> <!-- LoginConnTest.ConnTest -->
